Using pre-set license
Built from '2021.3/staging' branch; Version is '2021.3.22f1 (b6c551784ba3) revision 11978065'; Using compiler version '192829333'; Build Type 'Release'
OS: 'Windows 11  (10.0.26100) 64bit Professional' Language: 'es' Physical Memory: 8044 MB
BatchMode: 1, IsHumanControllingUs: 0, StartBugReporterOnCrash: 0, Is64bit: 1, IsPro: 1

COMMAND LINE ARGUMENTS:
C:\Program Files\Unity\Hub\Editor\2021.3.22f1\Editor\Unity.exe
-adb2
-batchMode
-noUpm
-name
AssetImportWorker2
-projectPath
C:/Users/USER/Documents/haunted house
-logFile
Logs/AssetImportWorker2.log
-srvPort
51976
Successfully changed project path to: C:/Users/USER/Documents/haunted house
C:/Users/USER/Documents/haunted house
[UnityMemory] Configuration Parameters - Can be set up in boot.config
    "memorysetup-bucket-allocator-granularity=16"
    "memorysetup-bucket-allocator-bucket-count=8"
    "memorysetup-bucket-allocator-block-size=33554432"
    "memorysetup-bucket-allocator-block-count=8"
    "memorysetup-main-allocator-block-size=16777216"
    "memorysetup-thread-allocator-block-size=16777216"
    "memorysetup-gfx-main-allocator-block-size=16777216"
    "memorysetup-gfx-thread-allocator-block-size=16777216"
    "memorysetup-cache-allocator-block-size=4194304"
    "memorysetup-typetree-allocator-block-size=2097152"
    "memorysetup-profiler-bucket-allocator-granularity=16"
    "memorysetup-profiler-bucket-allocator-bucket-count=8"
    "memorysetup-profiler-bucket-allocator-block-size=33554432"
    "memorysetup-profiler-bucket-allocator-block-count=8"
    "memorysetup-profiler-allocator-block-size=16777216"
    "memorysetup-profiler-editor-allocator-block-size=1048576"
    "memorysetup-temp-allocator-size-main=16777216"
    "memorysetup-job-temp-allocator-block-size=2097152"
    "memorysetup-job-temp-allocator-block-size-background=1048576"
    "memorysetup-job-temp-allocator-reduction-small-platforms=262144"
    "memorysetup-temp-allocator-size-background-worker=32768"
    "memorysetup-temp-allocator-size-job-worker=262144"
    "memorysetup-temp-allocator-size-preload-manager=33554432"
    "memorysetup-temp-allocator-size-nav-mesh-worker=65536"
    "memorysetup-temp-allocator-size-audio-worker=65536"
    "memorysetup-temp-allocator-size-cloud-worker=32768"
    "memorysetup-temp-allocator-size-gi-baking-worker=262144"
    "memorysetup-temp-allocator-size-gfx=262144"
Player connection [18480] Host "[IP] 172.20.83.12 [Port] 0 [Flags] 2 [Guid] 3649507187 [EditorId] 3649507187 [Version] 1048832 [Id] WindowsEditor(7,DESKTOP-8Q28E6D) [Debug] 1 [PackageName] WindowsEditor [ProjectName] Editor" joined multi-casting on [225.0.0.222:54997]...

Player connection [18480] Host "[IP] 172.20.83.12 [Port] 0 [Flags] 2 [Guid] 3649507187 [EditorId] 3649507187 [Version] 1048832 [Id] WindowsEditor(7,DESKTOP-8Q28E6D) [Debug] 1 [PackageName] WindowsEditor [ProjectName] Editor" joined alternative multi-casting on [225.0.0.222:34997]...

Refreshing native plugins compatible for Editor in 89.12 ms, found 3 plugins.
Preloading 0 native plugins for Editor in 0.00 ms.
Initialize engine version: 2021.3.22f1 (b6c551784ba3)
[Subsystems] Discovering subsystems at path C:/Program Files/Unity/Hub/Editor/2021.3.22f1/Editor/Data/Resources/UnitySubsystems
[Subsystems] Discovering subsystems at path C:/Users/USER/Documents/haunted house/Assets
GfxDevice: creating device client; threaded=0; jobified=0
Direct3D:
    Version:  Direct3D 11.0 [level 11.1]
    Renderer: NVIDIA GeForce RTX 3050 Laptop GPU (ID=0x25e2)
    Vendor:   NVIDIA
    VRAM:     3977 MB
    Driver:   31.0.15.4630
Shader 'Octane/PBR Override': fallback shader 'StandardSpecular' not found
Initialize mono
Mono path[0] = 'C:/Program Files/Unity/Hub/Editor/2021.3.22f1/Editor/Data/Managed'
Mono path[1] = 'C:/Program Files/Unity/Hub/Editor/2021.3.22f1/Editor/Data/MonoBleedingEdge/lib/mono/unityjit-win32'
Mono config path = 'C:/Program Files/Unity/Hub/Editor/2021.3.22f1/Editor/Data/MonoBleedingEdge/etc'
Using monoOptions --debugger-agent=transport=dt_socket,embedding=1,server=y,suspend=n,address=127.0.0.1:56684
Begin MonoManager ReloadAssembly
Registering precompiled unity dll's ...
Register platform support module: C:/Program Files/Unity/Hub/Editor/2021.3.22f1/Editor/Data/PlaybackEngines/WebGLSupport/UnityEditor.WebGL.Extensions.dll
Register platform support module: C:/Program Files/Unity/Hub/Editor/2021.3.22f1/Editor/Data/PlaybackEngines/WindowsStandaloneSupport/UnityEditor.WindowsStandalone.Extensions.dll
Register platform support module: C:/Program Files/Unity/Hub/Editor/2021.3.22f1/Editor/Data/PlaybackEngines/MetroSupport/UnityEditor.UWP.Extensions.dll
Registered in 0.006330 seconds.
Native extension for UWP target not found
Native extension for WindowsStandalone target not found
Native extension for WebGL target not found
Refreshing native plugins compatible for Editor in 89.01 ms, found 3 plugins.
Preloading 0 native plugins for Editor in 0.00 ms.
Mono: successfully reloaded assembly
- Completed reload, in  0.740 seconds
Domain Reload Profiling:
	ReloadAssembly (741ms)
		BeginReloadAssembly (113ms)
			ExecutionOrderSort (0ms)
			DisableScriptedObjects (0ms)
			BackupInstance (0ms)
			ReleaseScriptingObjects (0ms)
			CreateAndSetChildDomain (1ms)
		EndReloadAssembly (518ms)
			LoadAssemblies (109ms)
			RebuildTransferFunctionScriptingTraits (0ms)
			SetupTypeCache (133ms)
			ReleaseScriptCaches (0ms)
			RebuildScriptCaches (33ms)
			SetupLoadedEditorAssemblies (298ms)
				LogAssemblyErrors (0ms)
				InitializePlatformSupportModulesInManaged (11ms)
				SetLoadedEditorAssemblies (0ms)
				RefreshPlugins (89ms)
				BeforeProcessingInitializeOnLoad (2ms)
				ProcessInitializeOnLoadAttributes (142ms)
				ProcessInitializeOnLoadMethodAttributes (53ms)
				AfterProcessingInitializeOnLoad (0ms)
				EditorAssembliesLoaded (0ms)
			ExecutionOrderSort2 (0ms)
			AwakeInstancesAfterBackupRestoration (0ms)
Platform modules already initialized, skipping
Registering precompiled user dll's ...
Registered in 0.005465 seconds.
Begin MonoManager ReloadAssembly
Symbol file LoadedFromMemory doesn't match image C:\Users\USER\Documents\haunted house\Library\PackageCache\com.unity.visualscripting@1.8.0\Editor\VisualScripting.Core\Dependencies\YamlDotNet\Unity.VisualScripting.YamlDotNet.dll
Symbol file LoadedFromMemory doesn't match image C:\Users\USER\Documents\haunted house\Library\PackageCache\com.unity.visualscripting@1.8.0\Editor\VisualScripting.Core\Dependencies\DotNetZip\Unity.VisualScripting.IonicZip.dll
Native extension for UWP target not found
Native extension for WindowsStandalone target not found
Native extension for WebGL target not found
Refreshing native plugins compatible for Editor in 0.77 ms, found 3 plugins.
Preloading 0 native plugins for Editor in 0.00 ms.
Mono: successfully reloaded assembly
- Completed reload, in  5.498 seconds
Domain Reload Profiling:
	ReloadAssembly (5499ms)
		BeginReloadAssembly (140ms)
			ExecutionOrderSort (0ms)
			DisableScriptedObjects (7ms)
			BackupInstance (0ms)
			ReleaseScriptingObjects (0ms)
			CreateAndSetChildDomain (25ms)
		EndReloadAssembly (5140ms)
			LoadAssemblies (4246ms)
			RebuildTransferFunctionScriptingTraits (0ms)
			SetupTypeCache (296ms)
			ReleaseScriptCaches (1ms)
			RebuildScriptCaches (54ms)
			SetupLoadedEditorAssemblies (490ms)
				LogAssemblyErrors (0ms)
				InitializePlatformSupportModulesInManaged (7ms)
				SetLoadedEditorAssemblies (0ms)
				RefreshPlugins (1ms)
				BeforeProcessingInitializeOnLoad (88ms)
				ProcessInitializeOnLoadAttributes (367ms)
				ProcessInitializeOnLoadMethodAttributes (19ms)
				AfterProcessingInitializeOnLoad (7ms)
				EditorAssembliesLoaded (0ms)
			ExecutionOrderSort2 (0ms)
			AwakeInstancesAfterBackupRestoration (7ms)
Platform modules already initialized, skipping
========================================================================
Worker process is ready to serve import requests
Shader 'Octane/PBR Override': fallback shader 'StandardSpecular' not found
Launched and connected shader compiler UnityShaderCompiler.exe after 0.05 seconds
Refreshing native plugins compatible for Editor in 1.44 ms, found 3 plugins.
Preloading 0 native plugins for Editor in 0.00 ms.
Unloading 3285 Unused Serialized files (Serialized files now loaded: 0)
Unloading 25 unused Assets / (116.5 KB). Loaded Objects now: 3850.
Memory consumption went from 143.4 MB to 143.3 MB.
Total: 4.355400 ms (FindLiveObjects: 0.336500 ms CreateObjectMapping: 0.210200 ms MarkObjects: 3.651400 ms  DeleteObjects: 0.155900 ms)

AssetImportParameters requested are different than current active one (requested -> active):
  custom:video-decoder-ogg-theora: a1e56fd34408186e4bbccfd4996cb3dc -> 
  custom:container-muxer-webm: aa71ff27fc2769a1b78a27578f13a17b -> 
  custom:container-demuxer-webm: 4f35f7cbe854078d1ac9338744f61a02 -> 
  custom:video-encoder-webm-vp8: eb34c28f22e8b96e1ab97ce403110664 -> 
  custom:video-codec-MediaFoundation-h265: 746d11721c4dcdbdad8f713fa42b33f4 -> 
  custom:audio-encoder-webm-vorbis: bf7c407c2cedff20999df2af8eb42d56 -> 
  custom:framework-win-MediaFoundation: 216162199b28c13a410421893ffa2e32 -> 
  custom:container-demuxer-ogg: 62fdf1f143b41e24485cea50d1cbac27 -> 
  custom:video-decoder-webm-vp8: 9c59270c3fd7afecdb556c50c9e8de78 -> 
  custom:audio-decoder-ogg-vorbis: bf7c407c2cedff20999df2af8eb42d56 -> 
========================================================================
Received Import Request.
  Time since last request: 974497.393315 seconds.
  path: Assets/images/scape.jpg
  artifactKey: Guid(f0b9aa8b53a6cca4aaac1865d057bea2) Importer(815301076,1909f56bfc062723c751e8b465ee728b)
Start importing Assets/images/scape.jpg using Guid(f0b9aa8b53a6cca4aaac1865d057bea2) Importer(815301076,1909f56bfc062723c751e8b465ee728b)  -> (artifact id: '47f1d98cd74f1ab54ff0da47347d44e6') in 0.564929 seconds 
========================================================================
Received Import Request.
  Time since last request: 83.370406 seconds.
  path: Assets/Scenes/menu2.unity
  artifactKey: Guid(e7cce102a8ac98245bacfc9d6a6a975a) Importer(815301076,1909f56bfc062723c751e8b465ee728b)
Start importing Assets/Scenes/menu2.unity using Guid(e7cce102a8ac98245bacfc9d6a6a975a) Importer(815301076,1909f56bfc062723c751e8b465ee728b)  -> (artifact id: 'a65c2e292bfacd3ec47345e04829e622') in 0.011557 seconds 
========================================================================
Received Import Request.
  Time since last request: 72.196480 seconds.
  path: Assets/Scenes/menu1.unity
  artifactKey: Guid(06043b15e22fd8c4bb6fae0aa290ac95) Importer(815301076,1909f56bfc062723c751e8b465ee728b)
Start importing Assets/Scenes/menu1.unity using Guid(06043b15e22fd8c4bb6fae0aa290ac95) Importer(815301076,1909f56bfc062723c751e8b465ee728b)  -> (artifact id: 'dcd15464234a227525e85da25267ef6a') in 0.022671 seconds 
========================================================================
Received Import Request.
  Time since last request: 266.190737 seconds.
  path: Assets/images/DALL路E 2025-02-01 08.51.27 - A dark and eerie forest at night with dense fog covering the ground. Tall, twisted trees with bare branches create an ominous atmosphere. In the dista.webp
  artifactKey: Guid(f6abc83ad5f6a1d49a13941e1250a443) Importer(815301076,1909f56bfc062723c751e8b465ee728b)
Start importing Assets/images/DALL路E 2025-02-01 08.51.27 - A dark and eerie forest at night with dense fog covering the ground. Tall, twisted trees with bare branches create an ominous atmosphere. In the dista.webp using Guid(f6abc83ad5f6a1d49a13941e1250a443) Importer(815301076,1909f56bfc062723c751e8b465ee728b)  -> (artifact id: '161f4a91d75ec39412d0a17001b165ee') in 0.028414 seconds 
========================================================================
Received Import Request.
  Time since last request: 5.570913 seconds.
  path: Assets/images/inicio.webp
  artifactKey: Guid(f6abc83ad5f6a1d49a13941e1250a443) Importer(815301076,1909f56bfc062723c751e8b465ee728b)
Start importing Assets/images/inicio.webp using Guid(f6abc83ad5f6a1d49a13941e1250a443) Importer(815301076,1909f56bfc062723c751e8b465ee728b)  -> (artifact id: '0531ad899e91d3a644363a712041b96f') in 0.021716 seconds 
========================================================================
Received Import Request.
  Time since last request: 17.249712 seconds.
  path: Assets/images/inicio.jpg.webp
  artifactKey: Guid(f6abc83ad5f6a1d49a13941e1250a443) Importer(815301076,1909f56bfc062723c751e8b465ee728b)
Start importing Assets/images/inicio.jpg.webp using Guid(f6abc83ad5f6a1d49a13941e1250a443) Importer(815301076,1909f56bfc062723c751e8b465ee728b)  -> (artifact id: '3395cc130e9168d8c2d568ce1c3b1507') in 0.022129 seconds 
========================================================================
Received Import Request.
  Time since last request: 109.909299 seconds.
  path: Assets/images/DALL路E 2025-02-01 08.51.27.jpg.jpg
  artifactKey: Guid(9d772055f917aff44a825862e56130ae) Importer(815301076,1909f56bfc062723c751e8b465ee728b)
Start importing Assets/images/DALL路E 2025-02-01 08.51.27.jpg.jpg using Guid(9d772055f917aff44a825862e56130ae) Importer(815301076,1909f56bfc062723c751e8b465ee728b)  -> (artifact id: 'b86335983d8bf54014ceaa7aeaf622fd') in 0.028923 seconds 
========================================================================
Received Import Request.
  Time since last request: 8.745088 seconds.
  path: Assets/images/inicio.jpg
  artifactKey: Guid(9d772055f917aff44a825862e56130ae) Importer(815301076,1909f56bfc062723c751e8b465ee728b)
Start importing Assets/images/inicio.jpg using Guid(9d772055f917aff44a825862e56130ae) Importer(815301076,1909f56bfc062723c751e8b465ee728b)  -> (artifact id: '21b93efa93f3c96877d13e12e9a52f08') in 0.025137 seconds 
========================================================================
Received Import Request.
  Time since last request: 6.826041 seconds.
  path: Assets/images/inicio.jpg
  artifactKey: Guid(9d772055f917aff44a825862e56130ae) Importer(815301076,1909f56bfc062723c751e8b465ee728b)
Start importing Assets/images/inicio.jpg using Guid(9d772055f917aff44a825862e56130ae) Importer(815301076,1909f56bfc062723c751e8b465ee728b)  -> (artifact id: 'a8e6a62f1d5548fc3e5a974938abc9df') in 0.410353 seconds 
========================================================================
Received Import Request.
  Time since last request: 195.576423 seconds.
  path: Assets/images/over.jpg
  artifactKey: Guid(d5c1bc289bf911849a85ff8293cd2f35) Importer(815301076,1909f56bfc062723c751e8b465ee728b)
Start importing Assets/images/over.jpg using Guid(d5c1bc289bf911849a85ff8293cd2f35) Importer(815301076,1909f56bfc062723c751e8b465ee728b)  -> (artifact id: '5732b5bd9363851640bd415a0d29d986') in 0.025969 seconds 
========================================================================
Received Import Request.
  Time since last request: 7.640905 seconds.
  path: Assets/Scenes/lvl1.unity
  artifactKey: Guid(20473174f92115e4cb1b6e2ff12ec364) Importer(815301076,1909f56bfc062723c751e8b465ee728b)
Start importing Assets/Scenes/lvl1.unity using Guid(20473174f92115e4cb1b6e2ff12ec364) Importer(815301076,1909f56bfc062723c751e8b465ee728b)  -> (artifact id: 'cb6aa93a463e95dcd9b1ec48fe1d9b02') in 0.035034 seconds 
========================================================================
Received Import Request.
  Time since last request: 1.585543 seconds.
  path: Assets/Scenes/lvl2.unity
  artifactKey: Guid(9fc0d4010bbf28b4594072e72b8655ab) Importer(815301076,1909f56bfc062723c751e8b465ee728b)
Start importing Assets/Scenes/lvl2.unity using Guid(9fc0d4010bbf28b4594072e72b8655ab) Importer(815301076,1909f56bfc062723c751e8b465ee728b)  -> (artifact id: '63c1ca4a948da9986a8d764ec1658175') in 0.019465 seconds 
========================================================================
Received Import Request.
  Time since last request: 1.555037 seconds.
  path: Assets/Scenes/lvl3.unity
  artifactKey: Guid(fd2492f1f7b949c4e880a8304308b219) Importer(815301076,1909f56bfc062723c751e8b465ee728b)
Start importing Assets/Scenes/lvl3.unity using Guid(fd2492f1f7b949c4e880a8304308b219) Importer(815301076,1909f56bfc062723c751e8b465ee728b)  -> (artifact id: '436bea88923a6ff0c77c5441ff5957b7') in 0.020942 seconds 
========================================================================
Received Import Request.
  Time since last request: 0.922634 seconds.
  path: Assets/Scenes/menu.unity
  artifactKey: Guid(abfe31cb008064946ac78758a5984573) Importer(815301076,1909f56bfc062723c751e8b465ee728b)
Start importing Assets/Scenes/menu.unity using Guid(abfe31cb008064946ac78758a5984573) Importer(815301076,1909f56bfc062723c751e8b465ee728b)  -> (artifact id: '02a282d1c21de03805e5b5df10d8b02c') in 0.024624 seconds 
========================================================================
Received Import Request.
  Time since last request: 31.463822 seconds.
  path: Assets/images/over.jpg
  artifactKey: Guid(d5c1bc289bf911849a85ff8293cd2f35) Importer(815301076,1909f56bfc062723c751e8b465ee728b)
Start importing Assets/images/over.jpg using Guid(d5c1bc289bf911849a85ff8293cd2f35) Importer(815301076,1909f56bfc062723c751e8b465ee728b)  -> (artifact id: '9ffecc15b5cfd4f5a27d81dd6e9f94c8') in 0.358849 seconds 
========================================================================
Received Import Request.
  Time since last request: 572.621711 seconds.
  path: Assets/Scenes/menu4.unity
  artifactKey: Guid(63ce1b93043408541a124ff71c945275) Importer(815301076,1909f56bfc062723c751e8b465ee728b)
Start importing Assets/Scenes/menu4.unity using Guid(63ce1b93043408541a124ff71c945275) Importer(815301076,1909f56bfc062723c751e8b465ee728b)  -> (artifact id: '595467ff740a87ecb7391062c93c88ac') in 0.023008 seconds 
========================================================================
Received Import Request.
  Time since last request: 245.909184 seconds.
  path: Assets/images/WIN.jpg
  artifactKey: Guid(2441dc561a9c31643945ff648e2733e7) Importer(815301076,1909f56bfc062723c751e8b465ee728b)
Start importing Assets/images/WIN.jpg using Guid(2441dc561a9c31643945ff648e2733e7) Importer(815301076,1909f56bfc062723c751e8b465ee728b)  -> (artifact id: '95bdab75bed36a29e4b5c5e97842f2ef') in 0.031238 seconds 
========================================================================
Received Import Request.
  Time since last request: 6.609653 seconds.
  path: Assets/images/win.jpg
  artifactKey: Guid(2441dc561a9c31643945ff648e2733e7) Importer(815301076,1909f56bfc062723c751e8b465ee728b)
Start importing Assets/images/win.jpg using Guid(2441dc561a9c31643945ff648e2733e7) Importer(815301076,1909f56bfc062723c751e8b465ee728b)  -> (artifact id: 'a37378511cd589b8c8cdc7c0af276b15') in 0.024452 seconds 
========================================================================
Received Import Request.
  Time since last request: 7.566427 seconds.
  path: Assets/images/win.jpg
  artifactKey: Guid(2441dc561a9c31643945ff648e2733e7) Importer(815301076,1909f56bfc062723c751e8b465ee728b)
Start importing Assets/images/win.jpg using Guid(2441dc561a9c31643945ff648e2733e7) Importer(815301076,1909f56bfc062723c751e8b465ee728b)  -> (artifact id: '591248c8d232fe08ed36b23e5084961f') in 0.031840 seconds 
========================================================================
Received Import Request.
  Time since last request: 20.792050 seconds.
  path: Assets/images/win.jpg
  artifactKey: Guid(2441dc561a9c31643945ff648e2733e7) Importer(815301076,1909f56bfc062723c751e8b465ee728b)
Start importing Assets/images/win.jpg using Guid(2441dc561a9c31643945ff648e2733e7) Importer(815301076,1909f56bfc062723c751e8b465ee728b)  -> (artifact id: 'e50e76f8a1fdf15f32b97f8df490494d') in 0.462995 seconds 
